============================= test session starts =============================
collecting ... collected 71 items

tests/test_3d_processing.py::test_pixel_rays_have_unit_z PASSED          [  1%]
tests/test_3d_processing.py::test_projection_unprojection_roundtrip PASSED [  2%]
tests/test_3d_processing.py::test_projection_of_optical_axis_hits_principal_point PASSED [  4%]
tests/test_3d_processing.py::test_analytic_sphere_depth_at_center PASSED [  5%]
tests/test_3d_processing.py::test_analytic_sphere_silhouette_radius PASSED [  7%]
tests/test_3d_processing.py::test_unproject_recovers_analytic_depth PASSED [  8%]
tests/test_3d_processing.py::test_quaternion_gives_proper_rotation[0] PASSED [  9%]
tests/test_3d_processing.py::test_quaternion_gives_proper_rotation[1] PASSED [ 11%]
tests/test_3d_processing.py::test_quaternion_gives_proper_rotation[2] PASSED [ 12%]
tests/test_3d_processing.py::test_quaternion_gives_proper_rotation[3] PASSED [ 14%]
tests/test_3d_processing.py::test_quaternion_gives_proper_rotation[4] PASSED [ 15%]
tests/test_3d_processing.py::test_quaternion_gives_proper_rotation[5] PASSED [ 16%]
tests/test_3d_processing.py::test_quaternion_gives_proper_rotation[6] PASSED [ 18%]
tests/test_3d_processing.py::test_quaternion_gives_proper_rotation[7] PASSED [ 19%]
tests/test_3d_processing.py::test_identity_quaternion_is_identity_matrix PASSED [ 21%]
tests/test_3d_processing.py::test_pose_apply_inverse_roundtrip PASSED    [ 22%]
tests/test_3d_processing.py::test_rigid_transform_preserves_pairwise_distances PASSED [ 23%]
tests/test_3d_processing.py::test_rotation_angle_between_identical_rotations_is_zero PASSED [ 25%]
tests/test_3d_processing.py::test_background_excluded_from_pointcloud PASSED [ 26%]
tests/test_3d_processing.py::test_ply_write_read_roundtrip PASSED        [ 28%]
tests/test_3d_processing.py::test_mesh_surface_sampling_is_area_weighted PASSED [ 29%]
tests/test_3d_processing.py::test_normalize_scale_maps_to_unit_ball PASSED [ 30%]
tests/test_3d_processing.py::test_chamfer_is_zero_for_identical_clouds PASSED [ 32%]
tests/test_3d_processing.py::test_chamfer_grows_with_scale_error PASSED  [ 33%]
tests/test_3d_processing.py::test_chamfer_direction_reveals_visual_hull_inflation PASSED [ 35%]
tests/test_3d_processing.py::test_depth_metrics_reports_valid_ratio PASSED [ 36%]
tests/test_3d_processing.py::test_mask_iou_bounds PASSED                 [ 38%]
tests/test_3d_processing.py::test_example_code_runs_and_keeps_shape PASSED [ 39%]
tests/test_3d_processing.py::test_example_code_rejects_none_input PASSED [ 40%]
tests/test_3d_processing.py::test_brightness_depth_confuses_albedo_with_distance PASSED [ 42%]
tests/test_3d_processing.py::test_brightness_depth_no_better_than_predicting_the_mean PASSED [ 43%]
tests/test_3d_processing.py::test_align_scale_shift_is_exact_for_affine_input PASSED [ 45%]
tests/test_3d_processing.py::test_unproject_rejects_none PASSED          [ 46%]
tests/test_3d_processing.py::test_unproject_rejects_wrong_shape PASSED   [ 47%]
tests/test_3d_processing.py::test_camera_rejects_nonpositive_focal_length PASSED [ 49%]
tests/test_3d_processing.py::test_project_rejects_points_behind_camera PASSED [ 50%]
tests/test_3d_processing.py::test_pose_rejects_non_orthogonal_rotation PASSED [ 52%]
tests/test_3d_processing.py::test_quaternion_rejects_zero_norm PASSED    [ 53%]
tests/test_3d_processing.py::test_chamfer_rejects_empty_cloud PASSED     [ 54%]
tests/test_3d_processing.py::test_infinite_depth_never_reaches_pointcloud PASSED [ 56%]
tests/test_3d_processing.py::test_spe3r_loads_with_expected_geometry PASSED [ 57%]
tests/test_3d_processing.py::test_spe3r_translation_has_no_stereo_baseline PASSED [ 59%]
tests/test_3d_processing.py::test_spe3r_pose_convention_matches_ground_truth_mask PASSED [ 60%]
tests/test_3d_processing.py::test_spe3r_view_selection_spreads_orientations PASSED [ 61%]
tests/test_stereo.py::test_disparity_to_depth_matches_formula PASSED     [ 63%]
tests/test_stereo.py::test_depth_disparity_roundtrip PASSED              [ 64%]
tests/test_stereo.py::test_baseline_scaling_invariance PASSED            [ 66%]
tests/test_stereo.py::test_nonpositive_disparity_becomes_nan PASSED      [ 67%]
tests/test_stereo.py::test_depth_resolution_formula PASSED               [ 69%]
tests/test_stereo.py::test_disparity_to_depth_rejects_bad_geometry PASSED [ 70%]
tests/test_stereo.py::test_compute_disparity_rejects_bad_disparity_count PASSED [ 71%]
tests/test_stereo.py::test_relative_pose_maps_view_i_to_view_j PASSED    [ 73%]
tests/test_stereo.py::test_identical_views_have_zero_baseline PASSED     [ 74%]
tests/test_stereo.py::test_target_rotation_creates_lateral_baseline PASSED [ 76%]
tests/test_stereo.py::test_rectified_pair_recovers_baseline PASSED       [ 77%]
tests/test_stereo.py::test_rectified_pair_expected_disparity PASSED      [ 78%]
tests/test_stereo.py::test_rectified_pair_rejects_zero_baseline PASSED   [ 80%]
tests/test_stereo.py::test_fit_window_keeps_geometry_and_contains_the_source PASSED [ 81%]
tests/test_stereo.py::test_fit_window_respects_the_size_cap PASSED       [ 83%]
tests/test_stereo.py::test_vertical_baseline_is_detected PASSED          [ 84%]
tests/test_stereo.py::test_vertical_remap_rotates_and_unrotate_restores PASSED [ 85%]
tests/test_stereo.py::test_vertical_reconstruct_returns_unrotated_maps PASSED [ 87%]
tests/test_stereo.py::test_reference_depth_lands_in_the_same_frame_as_reconstruct[\uac00\ub85c-shift0] PASSED [ 88%]
tests/test_stereo.py::test_reference_depth_lands_in_the_same_frame_as_reconstruct[\uc138\ub85c-shift1] PASSED [ 90%]
tests/test_stereo.py::test_to_body_roundtrip_for_identity_rectification PASSED [ 91%]
tests/test_stereo.py::test_full_pipeline_recovers_analytic_depth PASSED  [ 92%]
tests/test_stereo.py::test_pipeline_beats_brightness_baseline_on_same_scene PASSED [ 94%]
tests/test_stereo.py::test_stereo_recovers_full_depth_range PASSED       [ 95%]
tests/test_stereo.py::test_unlit_surfaces_break_matching PASSED          [ 97%]
tests/test_stereo.py::test_find_pairs_returns_lateral_dominant_pairs PASSED [ 98%]
tests/test_stereo.py::test_spe3r_pair_relative_pose_is_consistent_with_mesh PASSED [100%]

============================= 71 passed =============================
