============================= test session starts =============================
collecting ... collected 79 items

tests/test_realism.py::test_lambert_shading_is_identical_from_every_viewpoint PASSED [  1%]
tests/test_realism.py::test_lunar_lambert_differs_between_the_two_stereo_viewpoints PASSED [  2%]
tests/test_realism.py::test_lunar_lambert_matches_the_formula_computed_by_hand PASSED [  3%]
tests/test_realism.py::test_camera_center_matches_the_stereo_geometry PASSED [  5%]
tests/test_realism.py::test_photon_noise_grows_with_brightness PASSED    [  6%]
tests/test_realism.py::test_sensor_image_is_reproducible_and_quantised PASSED [  7%]
tests/test_realism.py::test_sensor_image_rejects_impossible_settings[kwargs0] PASSED [  8%]
tests/test_realism.py::test_sensor_image_rejects_impossible_settings[kwargs1] PASSED [ 10%]
tests/test_realism.py::test_sensor_image_rejects_impossible_settings[kwargs2] PASSED [ 11%]
tests/test_realism.py::test_sensor_image_rejects_impossible_settings[kwargs3] PASSED [ 12%]
tests/test_realism.py::test_sensor_image_rejects_impossible_settings[kwargs4] PASSED [ 13%]
tests/test_realism.py::test_noise_estimate_recovers_the_noise_that_was_added PASSED [ 15%]
tests/test_realism.py::test_contrast_floor_follows_the_noise_level PASSED [ 16%]
tests/test_realism.py::test_autocorrelation_is_longer_for_smoother_texture PASSED [ 17%]
tests/test_realism.py::test_left_right_consistency_passes_matching_disparities PASSED [ 18%]
tests/test_realism.py::test_left_right_consistency_catches_a_mismatched_region PASSED [ 20%]
tests/test_realism.py::test_left_right_consistency_rejects_mismatched_shapes PASSED [ 21%]
tests/test_realism.py::test_photometric_residual_is_lowest_at_the_true_disparity PASSED [ 22%]
tests/test_realism.py::test_photometric_residual_rejects_even_windows PASSED [ 24%]
tests/test_realism.py::test_sparsification_separates_a_perfect_signal_from_a_random_one PASSED [ 25%]
tests/test_realism.py::test_sparsification_rejects_too_few_steps PASSED  [ 26%]
tests/test_realism.py::test_rank_correlation_reads_monotone_relations PASSED [ 27%]
tests/test_realism.py::test_compute_disparity_both_recovers_a_known_shift PASSED [ 29%]
tests/test_stereo.py::test_disparity_to_depth_matches_formula PASSED     [ 30%]
tests/test_stereo.py::test_depth_disparity_roundtrip PASSED              [ 31%]
tests/test_stereo.py::test_baseline_scaling_invariance PASSED            [ 32%]
tests/test_stereo.py::test_nonpositive_disparity_becomes_nan PASSED      [ 34%]
tests/test_stereo.py::test_depth_resolution_formula PASSED               [ 35%]
tests/test_stereo.py::test_disparity_to_depth_rejects_bad_geometry PASSED [ 36%]
tests/test_stereo.py::test_compute_disparity_rejects_bad_disparity_count PASSED [ 37%]
tests/test_stereo.py::test_relative_pose_maps_view_i_to_view_j PASSED    [ 39%]
tests/test_stereo.py::test_identical_views_have_zero_baseline PASSED     [ 40%]
tests/test_stereo.py::test_target_rotation_creates_lateral_baseline PASSED [ 41%]
tests/test_stereo.py::test_rectified_pair_recovers_baseline PASSED       [ 43%]
tests/test_stereo.py::test_rectified_pair_expected_disparity PASSED      [ 44%]
tests/test_stereo.py::test_rectified_pair_rejects_zero_baseline PASSED   [ 45%]
tests/test_stereo.py::test_fit_window_keeps_geometry_and_contains_the_source PASSED [ 46%]
tests/test_stereo.py::test_fit_window_respects_the_size_cap PASSED       [ 48%]
tests/test_stereo.py::test_vertical_baseline_is_detected PASSED          [ 49%]
tests/test_stereo.py::test_vertical_remap_rotates_and_unrotate_restores PASSED [ 50%]
tests/test_terrain.py::test_surface_points_places_grid_centre_at_origin PASSED [ 51%]
tests/test_terrain.py::test_surface_points_keeps_elevation_as_z PASSED   [ 53%]
tests/test_terrain.py::test_normals_of_a_flat_plane_point_straight_up PASSED [ 54%]
tests/test_terrain.py::test_normal_of_a_constant_slope_matches_the_angle PASSED [ 55%]
tests/test_terrain.py::test_normals_reject_bad_pixel_size[0.0] PASSED    [ 56%]
tests/test_terrain.py::test_normals_reject_bad_pixel_size[-1.0] PASSED   [ 58%]
tests/test_terrain.py::test_overhead_sun_on_flat_ground_gives_albedo_plus_ambient PASSED [ 59%]
tests/test_terrain.py::test_sun_at_the_horizon_leaves_only_ambient PASSED [ 60%]
tests/test_terrain.py::test_slope_facing_the_sun_is_brighter_than_the_one_away PASSED [ 62%]
tests/test_terrain.py::test_look_at_returns_an_orthonormal_pose_aimed_at_the_target PASSED [ 63%]
tests/test_terrain.py::test_look_at_rejects_a_degenerate_up_hint PASSED  [ 64%]
tests/test_terrain.py::test_nadir_cameras_do_not_flip_their_right_direction PASSED [ 65%]
tests/test_terrain.py::test_stereo_baseline_matches_the_convergence_formula PASSED [ 67%]
tests/test_terrain.py::test_stereo_cameras_reject_impossible_convergence[0.0] PASSED [ 68%]
tests/test_terrain.py::test_stereo_cameras_reject_impossible_convergence[-5.0] PASSED [ 69%]
tests/test_terrain.py::test_stereo_cameras_reject_impossible_convergence[90.0] PASSED [ 70%]
tests/test_terrain.py::test_stereo_cameras_reject_impossible_convergence[120.0] PASSED [ 72%]
tests/test_terrain.py::test_nadir_view_of_flat_ground_has_constant_depth_equal_to_altitude PASSED [ 73%]
tests/test_terrain.py::test_rendered_depth_recovers_the_original_elevation PASSED [ 74%]
tests/test_terrain.py::test_render_rejects_bad_pixel_size[0.0] PASSED    [ 75%]
tests/test_terrain.py::test_render_rejects_bad_pixel_size[-5.0] PASSED   [ 77%]
tests/test_terrain.py::test_render_rejects_mismatched_elevation_and_intensity PASSED [ 78%]
tests/test_terrain.py::test_rendered_pair_aligns_at_the_disparity_the_geometry_predicts PASSED [ 79%]
tests/test_terrain.py::test_scatter_render_would_bias_the_disparity PASSED [ 81%]
tests/test_terrain.py::test_synthetic_terrain_is_reproducible_and_scaled PASSED [ 82%]
tests/test_terrain.py::test_synthetic_terrain_rejects_a_tiny_grid PASSED [ 83%]
tests/test_terrain.py::test_real_dtm_loads_with_metric_pixel_size PASSED [ 84%]
tests/test_terrain.py::test_real_dtm_crop_keeps_the_centre PASSED        [ 86%]
tests/test_terrain.py::test_real_dtm_rejects_an_oversized_crop PASSED    [ 87%]
tests/test_terrain.py::test_full_pipeline_recovers_the_terrain_within_one_pixel PASSED [ 88%]
tests/test_terrain.py::test_texture_gate_keeps_patterned_areas_and_drops_flat_ones PASSED [ 89%]
tests/test_terrain.py::test_local_contrast_rejects_bad_window[2] PASSED  [ 91%]
tests/test_terrain.py::test_local_contrast_rejects_bad_window[4] PASSED  [ 92%]
tests/test_terrain.py::test_local_contrast_rejects_bad_window[1] PASSED  [ 93%]
tests/test_terrain.py::test_render_rejects_terrain_above_the_camera PASSED [ 94%]
tests/test_terrain.py::test_grid_binning_puts_points_in_the_right_cell PASSED [ 96%]
tests/test_terrain.py::test_fusion_weights_the_precise_layer_more PASSED [ 97%]
tests/test_terrain.py::test_fusion_drops_cells_where_the_layers_disagree PASSED [ 98%]
tests/test_terrain.py::test_fusion_keeps_a_cell_only_one_layer_saw PASSED [100%]

============================= 79 passed ==============================
